<?xml version="1.0" encoding="UTF-8"?>
<!-- Generated by org.testng.reporters.JUnitReportReporter -->
<testsuite skipped="0" hostname="karisma-PC" name="testcases.TC003_Create_Lead" tests="1" failures="0" timestamp="03 Jun 2018 06:16:18 GMT" time="22.034" errors="0">
  <testcase name="loginAndLogout" time="22.034" classname="testcases.TC003_Create_Lead"/>
</testsuite> <!-- testcases.TC003_Create_Lead -->
